<?xml version="1.0" encoding="UTF-8"?>
<testsuite name="MealPlannerTests" tests="1" skipped="0" failures="1" errors="0" timestamp="2023-03-29T09:31:08" hostname="kyo-virtualbox" time="0.134">
  <properties/>
  <testcase name="start" classname="MealPlannerTests" time="0.134">
    <failure message="java.lang.AssertionError: Wrong answer in test #1&#10;&#10;Your output should contain &quot;The meal has been added!&quot;&#10;&#10;Please find below the output of your program during this failed test.&#10;Note that the '&gt;' character indicates the beginning of the input line.&#10;&#10;---&#10;&#10;What would you like to do (add, show, exit)?&#10;&gt; show&#10;No meals saved. Add a meal first.&#10;What would you like to do (add, show, exit)?&#10;&gt; new meal&#10;What would you like to do (add, show, exit)?&#10;&gt; meal&#10;What would you like to do (add, show, exit)?&#10;&gt; &#10;What would you like to do (add, show, exit)?&#10;&gt;  &#9;&#10;What would you like to do (add, show, exit)?&#10;&gt; add&#10;Which meal do you want to add (breakfast, lunch, dinner)?&#10;&gt; dessert&#10;Wrong meal category! Choose from: breakfast, lunch, dinner.&#10;&gt; nothing&#10;Wrong meal category! Choose from: breakfast, lunch, dinner.&#10;&gt; meal1&#10;Wrong meal category! Choose from: breakfast, lunch, dinner.&#10;&gt; meal@&#10;Wrong meal category! Choose from: breakfast, lunch, dinner.&#10;&gt; &#10;Wrong meal category! Choose from: breakfast, lunch, dinner.&#10;&gt;  &#9;&#10;Wrong meal category! Choose from: breakfast, lunch, dinner.&#10;&gt; lunch&#10;Input the meal's name: &#10;&gt; burger1&#10;Wrong format. Use letters only!&#10;&gt; sushi@&#10;Wrong format. Use letters only!&#10;&gt; &#10;Wrong format. Use letters only!&#10;&gt;  &#9;&#10;Wrong format. Use letters only!&#10;&gt; sushi&#10;Input the ingredients: &#10;&gt; salmon, rice1, avocado&#10;Wrong format. Use letters only!&#10;&gt; salmon, , avocado&#10;Wrong format. Use letters only!&#10;&gt; salmon,, avocado&#10;Wrong format. Use letters only!&#10;&gt; salmon, rice, &#10;Wrong format. Use letters only!&#10;&gt; salmon, rice, avocado@&#10;Wrong format. Use letters only!&#10;&gt; salmon, rice, avocado&#10;Wrong format. Use letters only!" type="java.lang.AssertionError">java.lang.AssertionError: Wrong answer in test #1

Your output should contain &quot;The meal has been added!&quot;

Please find below the output of your program during this failed test.
Note that the '&gt;' character indicates the beginning of the input line.

---

What would you like to do (add, show, exit)?
&gt; show
No meals saved. Add a meal first.
What would you like to do (add, show, exit)?
&gt; new meal
What would you like to do (add, show, exit)?
&gt; meal
What would you like to do (add, show, exit)?
&gt; 
What would you like to do (add, show, exit)?
&gt;  	
What would you like to do (add, show, exit)?
&gt; add
Which meal do you want to add (breakfast, lunch, dinner)?
&gt; dessert
Wrong meal category! Choose from: breakfast, lunch, dinner.
&gt; nothing
Wrong meal category! Choose from: breakfast, lunch, dinner.
&gt; meal1
Wrong meal category! Choose from: breakfast, lunch, dinner.
&gt; meal@
Wrong meal category! Choose from: breakfast, lunch, dinner.
&gt; 
Wrong meal category! Choose from: breakfast, lunch, dinner.
&gt;  	
Wrong meal category! Choose from: breakfast, lunch, dinner.
&gt; lunch
Input the meal's name: 
&gt; burger1
Wrong format. Use letters only!
&gt; sushi@
Wrong format. Use letters only!
&gt; 
Wrong format. Use letters only!
&gt;  	
Wrong format. Use letters only!
&gt; sushi
Input the ingredients: 
&gt; salmon, rice1, avocado
Wrong format. Use letters only!
&gt; salmon, , avocado
Wrong format. Use letters only!
&gt; salmon,, avocado
Wrong format. Use letters only!
&gt; salmon, rice, 
Wrong format. Use letters only!
&gt; salmon, rice, avocado@
Wrong format. Use letters only!
&gt; salmon, rice, avocado
Wrong format. Use letters only!
	at org.junit.Assert.fail(Assert.java:89)
	at org.hyperskill.hstest.stage.StageTest.start(StageTest.java:203)
	at java.base/jdk.internal.reflect.NativeMethodAccessorImpl.invoke0(Native Method)
	at java.base/jdk.internal.reflect.NativeMethodAccessorImpl.invoke(NativeMethodAccessorImpl.java:77)
	at java.base/jdk.internal.reflect.DelegatingMethodAccessorImpl.invoke(DelegatingMethodAccessorImpl.java:43)
	at java.base/java.lang.reflect.Method.invoke(Method.java:568)
	at org.junit.runners.model.FrameworkMethod$1.runReflectiveCall(FrameworkMethod.java:59)
	at org.junit.internal.runners.model.ReflectiveCallable.run(ReflectiveCallable.java:12)
	at org.junit.runners.model.FrameworkMethod.invokeExplosively(FrameworkMethod.java:56)
	at org.junit.internal.runners.statements.InvokeMethod.evaluate(InvokeMethod.java:17)
	at org.junit.runners.ParentRunner$3.evaluate(ParentRunner.java:306)
	at org.junit.runners.BlockJUnit4ClassRunner$1.evaluate(BlockJUnit4ClassRunner.java:100)
	at org.junit.runners.ParentRunner.runLeaf(ParentRunner.java:366)
	at org.junit.runners.BlockJUnit4ClassRunner.runChild(BlockJUnit4ClassRunner.java:103)
	at org.junit.runners.BlockJUnit4ClassRunner.runChild(BlockJUnit4ClassRunner.java:63)
	at org.junit.runners.ParentRunner$4.run(ParentRunner.java:331)
	at org.junit.runners.ParentRunner$1.schedule(ParentRunner.java:79)
	at org.junit.runners.ParentRunner.runChildren(ParentRunner.java:329)
	at org.junit.runners.ParentRunner.access$100(ParentRunner.java:66)
	at org.junit.runners.ParentRunner$2.evaluate(ParentRunner.java:293)
	at org.junit.runners.ParentRunner$3.evaluate(ParentRunner.java:306)
	at org.junit.runners.ParentRunner.run(ParentRunner.java:413)
	at org.gradle.api.internal.tasks.testing.junit.JUnitTestClassExecutor.runTestClass(JUnitTestClassExecutor.java:110)
	at org.gradle.api.internal.tasks.testing.junit.JUnitTestClassExecutor.execute(JUnitTestClassExecutor.java:58)
	at org.gradle.api.internal.tasks.testing.junit.JUnitTestClassExecutor.execute(JUnitTestClassExecutor.java:38)
	at org.gradle.api.internal.tasks.testing.junit.AbstractJUnitTestClassProcessor.processTestClass(AbstractJUnitTestClassProcessor.java:62)
	at org.gradle.api.internal.tasks.testing.SuiteTestClassProcessor.processTestClass(SuiteTestClassProcessor.java:51)
	at java.base/jdk.internal.reflect.NativeMethodAccessorImpl.invoke0(Native Method)
	at java.base/jdk.internal.reflect.NativeMethodAccessorImpl.invoke(NativeMethodAccessorImpl.java:77)
	at java.base/jdk.internal.reflect.DelegatingMethodAccessorImpl.invoke(DelegatingMethodAccessorImpl.java:43)
	at java.base/java.lang.reflect.Method.invoke(Method.java:568)
	at org.gradle.internal.dispatch.ReflectionDispatch.dispatch(ReflectionDispatch.java:36)
	at org.gradle.internal.dispatch.ReflectionDispatch.dispatch(ReflectionDispatch.java:24)
	at org.gradle.internal.dispatch.ContextClassLoaderDispatch.dispatch(ContextClassLoaderDispatch.java:33)
	at org.gradle.internal.dispatch.ProxyDispatchAdapter$DispatchingInvocationHandler.invoke(ProxyDispatchAdapter.java:94)
	at jdk.proxy1/jdk.proxy1.$Proxy2.processTestClass(Unknown Source)
	at org.gradle.api.internal.tasks.testing.worker.TestWorker$2.run(TestWorker.java:176)
	at org.gradle.api.internal.tasks.testing.worker.TestWorker.executeAndMaintainThreadName(TestWorker.java:129)
	at org.gradle.api.internal.tasks.testing.worker.TestWorker.execute(TestWorker.java:100)
	at org.gradle.api.internal.tasks.testing.worker.TestWorker.execute(TestWorker.java:60)
	at org.gradle.process.internal.worker.child.ActionExecutionWorker.execute(ActionExecutionWorker.java:56)
	at org.gradle.process.internal.worker.child.SystemApplicationClassLoaderWorker.call(SystemApplicationClassLoaderWorker.java:133)
	at org.gradle.process.internal.worker.child.SystemApplicationClassLoaderWorker.call(SystemApplicationClassLoaderWorker.java:71)
	at worker.org.gradle.process.internal.worker.GradleWorkerMain.run(GradleWorkerMain.java:69)
	at worker.org.gradle.process.internal.worker.GradleWorkerMain.main(GradleWorkerMain.java:74)
</failure>
  </testcase>
  <system-out><![CDATA[?[1;31m
Start test 1?[0m
What would you like to do (add, show, exit)?
> show
No meals saved. Add a meal first.
What would you like to do (add, show, exit)?
> new meal
What would you like to do (add, show, exit)?
> meal
What would you like to do (add, show, exit)?
> 
What would you like to do (add, show, exit)?
>  	
What would you like to do (add, show, exit)?
> add
Which meal do you want to add (breakfast, lunch, dinner)?
> dessert
Wrong meal category! Choose from: breakfast, lunch, dinner.
> nothing
Wrong meal category! Choose from: breakfast, lunch, dinner.
> meal1
Wrong meal category! Choose from: breakfast, lunch, dinner.
> meal@
Wrong meal category! Choose from: breakfast, lunch, dinner.
> 
Wrong meal category! Choose from: breakfast, lunch, dinner.
>  	
Wrong meal category! Choose from: breakfast, lunch, dinner.
> lunch
Input the meal's name: 
> burger1
Wrong format. Use letters only!
> sushi@
Wrong format. Use letters only!
> 
Wrong format. Use letters only!
>  	
Wrong format. Use letters only!
> sushi
Input the ingredients: 
> salmon, rice1, avocado
Wrong format. Use letters only!
> salmon, , avocado
Wrong format. Use letters only!
> salmon,, avocado
Wrong format. Use letters only!
> salmon, rice, 
Wrong format. Use letters only!
> salmon, rice, avocado@
Wrong format. Use letters only!
> salmon, rice, avocado
Wrong format. Use letters only!
]]></system-out>
  <system-err><![CDATA[]]></system-err>
</testsuite>
